Fold 0
Model 0 best validation rmse = 0.214126 on epoch 33
Model 0 test rmse = 0.155268
Model 0 test r2 = 0.781917
Ensemble test rmse = 0.155268
Ensemble test r2 = 0.781917
1-fold cross validation
	Seed 0 ==> test rmse = 0.155268
	Seed 0 ==> test r2 = 0.781917
Overall test rmse = 0.155268 +/- 0.000000
Overall test r2 = 0.781917 +/- 0.000000
Elapsed time = 0:00:41
Fold 0
Model 0 best validation rmse = 0.214497 on epoch 58
Model 0 test rmse = 0.154185
Model 0 test r2 = 0.784949
Ensemble test rmse = 0.154185
Ensemble test r2 = 0.784949
Fold 1
Model 0 best validation rmse = 0.129438 on epoch 35
Model 0 test rmse = 0.171086
Model 0 test r2 = 0.767306
Ensemble test rmse = 0.171086
Ensemble test r2 = 0.767306
Fold 2
Model 0 best validation rmse = 0.169161 on epoch 37
Model 0 test rmse = 0.197009
Model 0 test r2 = 0.622173
Ensemble test rmse = 0.197009
Ensemble test r2 = 0.622173
Fold 3
Model 0 best validation rmse = 0.152373 on epoch 39
Model 0 test rmse = 0.155670
Model 0 test r2 = 0.779012
Ensemble test rmse = 0.155670
Ensemble test r2 = 0.779012
Fold 4
Model 0 best validation rmse = 0.151552 on epoch 58
Model 0 test rmse = 0.141786
Model 0 test r2 = 0.830039
Ensemble test rmse = 0.141786
Ensemble test r2 = 0.830039
Fold 5
Model 0 best validation rmse = 0.153748 on epoch 29
Model 0 test rmse = 0.175356
Model 0 test r2 = 0.746429
Ensemble test rmse = 0.175356
Ensemble test r2 = 0.746429
Fold 6
Model 0 best validation rmse = 0.147272 on epoch 58
Model 0 test rmse = 0.164194
Model 0 test r2 = 0.778839
Ensemble test rmse = 0.164194
Ensemble test r2 = 0.778839
Fold 7
Model 0 best validation rmse = 0.151791 on epoch 31
Model 0 test rmse = 0.127548
Model 0 test r2 = 0.838400
Ensemble test rmse = 0.127548
Ensemble test r2 = 0.838400
Fold 8
Model 0 best validation rmse = 0.135923 on epoch 28
Model 0 test rmse = 0.160092
Model 0 test r2 = 0.765747
Ensemble test rmse = 0.160092
Ensemble test r2 = 0.765747
Fold 9
Model 0 best validation rmse = 0.156236 on epoch 17
Model 0 test rmse = 0.134184
Model 0 test r2 = 0.806623
Ensemble test rmse = 0.134184
Ensemble test r2 = 0.806623
10-fold cross validation
	Seed 0 ==> test rmse = 0.154185
	Seed 0 ==> test r2 = 0.784949
	Seed 1 ==> test rmse = 0.171086
	Seed 1 ==> test r2 = 0.767306
	Seed 2 ==> test rmse = 0.197009
	Seed 2 ==> test r2 = 0.622173
	Seed 3 ==> test rmse = 0.155670
	Seed 3 ==> test r2 = 0.779012
	Seed 4 ==> test rmse = 0.141786
	Seed 4 ==> test r2 = 0.830039
	Seed 5 ==> test rmse = 0.175356
	Seed 5 ==> test r2 = 0.746429
	Seed 6 ==> test rmse = 0.164194
	Seed 6 ==> test r2 = 0.778839
	Seed 7 ==> test rmse = 0.127548
	Seed 7 ==> test r2 = 0.838400
	Seed 8 ==> test rmse = 0.160092
	Seed 8 ==> test r2 = 0.765747
	Seed 9 ==> test rmse = 0.134184
	Seed 9 ==> test r2 = 0.806623
Overall test rmse = 0.158111 +/- 0.019530
Overall test r2 = 0.771952 +/- 0.056924
Elapsed time = 0:06:52
