Fold 0
Model 0 best validation rmse = 0.136148 on epoch 49
Model 0 test rmse = 0.119125
Model 0 test mse = 0.014191
Model 0 test r2 = 0.874616
Ensemble test rmse = 0.119125
Ensemble test mse = 0.014191
Ensemble test r2 = 0.874616
Fold 1
Fold 0
Model 0 best validation rmse = 0.138370 on epoch 49
Model 0 test rmse = 0.119842
Model 0 test mse = 0.014362
Model 0 test r2 = 0.873101
Ensemble test rmse = 0.119842
Ensemble test mse = 0.014362
Ensemble test r2 = 0.873101
Fold 1
Model 0 best validation rmse = 0.127872 on epoch 53
Model 0 test rmse = 0.122419
Model 0 test mse = 0.014986
Model 0 test r2 = 0.854128
Ensemble test rmse = 0.122419
Ensemble test mse = 0.014986
Ensemble test r2 = 0.854128
Fold 2
Model 0 best validation rmse = 0.121760 on epoch 57
Model 0 test rmse = 0.136897
Model 0 test mse = 0.018741
Model 0 test r2 = 0.842842
Ensemble test rmse = 0.136897
Ensemble test mse = 0.018741
Ensemble test r2 = 0.842842
Fold 3
Fold 0
Model 0 best validation rmse = 0.138188 on epoch 21
Model 0 test rmse = 0.117189
Model 0 test mse = 0.013733
Model 0 test r2 = 0.878657
Ensemble test rmse = 0.117189
Ensemble test mse = 0.013733
Ensemble test r2 = 0.878657
Fold 1
Model 0 best validation rmse = 0.125312 on epoch 52
Model 0 test rmse = 0.122766
Model 0 test mse = 0.015071
Model 0 test r2 = 0.853301
Ensemble test rmse = 0.122766
Ensemble test mse = 0.015071
Ensemble test r2 = 0.853301
Fold 2
Model 0 best validation rmse = 0.121455 on epoch 50
Model 0 test rmse = 0.137479
Model 0 test mse = 0.018900
Model 0 test r2 = 0.841504
Ensemble test rmse = 0.137479
Ensemble test mse = 0.018900
Ensemble test r2 = 0.841504
Fold 3
Model 0 best validation rmse = 0.139991 on epoch 53
Model 0 test rmse = 0.129478
Model 0 test mse = 0.016765
Model 0 test r2 = 0.873194
Ensemble test rmse = 0.129478
Ensemble test mse = 0.016765
Ensemble test r2 = 0.873194
Fold 4
Model 0 best validation rmse = 0.139842 on epoch 45
Model 0 test rmse = 0.129155
Model 0 test mse = 0.016681
Model 0 test r2 = 0.864614
Ensemble test rmse = 0.129155
Ensemble test mse = 0.016681
Ensemble test r2 = 0.864614
Fold 5
Model 0 best validation rmse = 0.113183 on epoch 22
Model 0 test rmse = 0.126247
Model 0 test mse = 0.015938
Model 0 test r2 = 0.863583
Ensemble test rmse = 0.126247
Ensemble test mse = 0.015938
Ensemble test r2 = 0.863583
Fold 6
Model 0 best validation rmse = 0.132250 on epoch 51
Model 0 test rmse = 0.118161
Model 0 test mse = 0.013962
Model 0 test r2 = 0.876648
Ensemble test rmse = 0.118161
Ensemble test mse = 0.013962
Ensemble test r2 = 0.876648
Fold 7
Model 0 best validation rmse = 0.126791 on epoch 33
Model 0 test rmse = 0.128956
Model 0 test mse = 0.016630
Model 0 test r2 = 0.865779
Ensemble test rmse = 0.128956
Ensemble test mse = 0.016630
Ensemble test r2 = 0.865779
Fold 8
Model 0 best validation rmse = 0.123220 on epoch 48
Model 0 test rmse = 0.127823
Model 0 test mse = 0.016339
Model 0 test r2 = 0.847585
Ensemble test rmse = 0.127823
Ensemble test mse = 0.016339
Ensemble test r2 = 0.847585
Fold 9
Model 0 best validation rmse = 0.126723 on epoch 40
Model 0 test rmse = 0.137607
Model 0 test mse = 0.018936
Model 0 test r2 = 0.842350
Ensemble test rmse = 0.137607
Ensemble test mse = 0.018936
Ensemble test r2 = 0.842350
10-fold cross validation
	Seed 0 ==> test rmse = 0.117189
	Seed 0 ==> test mse = 0.013733
	Seed 0 ==> test r2 = 0.878657
	Seed 1 ==> test rmse = 0.122766
	Seed 1 ==> test mse = 0.015071
	Seed 1 ==> test r2 = 0.853301
	Seed 2 ==> test rmse = 0.137479
	Seed 2 ==> test mse = 0.018900
	Seed 2 ==> test r2 = 0.841504
	Seed 3 ==> test rmse = 0.129478
	Seed 3 ==> test mse = 0.016765
	Seed 3 ==> test r2 = 0.873194
	Seed 4 ==> test rmse = 0.129155
	Seed 4 ==> test mse = 0.016681
	Seed 4 ==> test r2 = 0.864614
	Seed 5 ==> test rmse = 0.126247
	Seed 5 ==> test mse = 0.015938
	Seed 5 ==> test r2 = 0.863583
	Seed 6 ==> test rmse = 0.118161
	Seed 6 ==> test mse = 0.013962
	Seed 6 ==> test r2 = 0.876648
	Seed 7 ==> test rmse = 0.128956
	Seed 7 ==> test mse = 0.016630
	Seed 7 ==> test r2 = 0.865779
	Seed 8 ==> test rmse = 0.127823
	Seed 8 ==> test mse = 0.016339
	Seed 8 ==> test r2 = 0.847585
	Seed 9 ==> test rmse = 0.137607
	Seed 9 ==> test mse = 0.018936
	Seed 9 ==> test r2 = 0.842350
Overall test rmse = 0.127486 +/- 0.006543
Overall test mse = 0.016296 +/- 0.001670
Overall test r2 = 0.860722 +/- 0.013093
Elapsed time = 0:06:09
