Command line
python /Users/ignaczg/miniforge3_arm64/envs/chemprop/bin/chemprop_train --data_path ./data/train_dm300_full.csv --dataset_type regression --save_dir ./train_results/train_dm300_total/ --quiet --smiles_columns full_smiles --target_columns dm300
Args
{'activation': 'ReLU',
 'aggregation': 'mean',
 'aggregation_norm': 100,
 'atom_descriptor_scaling': True,
 'atom_descriptors': None,
 'atom_descriptors_path': None,
 'atom_descriptors_size': 0,
 'atom_features_size': 0,
 'atom_messages': False,
 'batch_size': 50,
 'bias': False,
 'bond_feature_scaling': True,
 'bond_features_path': None,
 'bond_features_size': 0,
 'cache_cutoff': 10000,
 'checkpoint_dir': None,
 'checkpoint_path': None,
 'checkpoint_paths': None,
 'class_balance': False,
 'config_path': None,
 'crossval_index_dir': None,
 'crossval_index_file': None,
 'crossval_index_sets': None,
 'cuda': False,
 'data_path': './data/train_dm300_full.csv',
 'dataset_type': 'regression',
 'depth': 3,
 'device': device(type='cpu'),
 'dropout': 0.0,
 'empty_cache': False,
 'ensemble_size': 1,
 'epochs': 30,
 'explicit_h': False,
 'extra_metrics': [],
 'features_generator': None,
 'features_only': False,
 'features_path': None,
 'features_scaling': True,
 'features_size': None,
 'ffn_hidden_size': 300,
 'ffn_num_layers': 2,
 'final_lr': 0.0001,
 'folds_file': None,
 'gpu': None,
 'grad_clip': None,
 'hidden_size': 300,
 'ignore_columns': None,
 'init_lr': 0.0001,
 'log_frequency': 10,
 'max_data_size': None,
 'max_lr': 0.001,
 'metric': 'rmse',
 'metrics': ['rmse'],
 'minimize_score': True,
 'mpn_shared': False,
 'multiclass_num_classes': 3,
 'no_atom_descriptor_scaling': False,
 'no_bond_features_scaling': False,
 'no_cache_mol': False,
 'no_cuda': False,
 'no_features_scaling': False,
 'num_folds': 1,
 'num_lrs': 1,
 'num_tasks': 1,
 'num_workers': 8,
 'number_of_molecules': 1,
 'overwrite_default_atom_features': False,
 'overwrite_default_bond_features': False,
 'pytorch_seed': 0,
 'quiet': True,
 'reaction': False,
 'reaction_mode': 'reac_diff',
 'resume_experiment': False,
 'save_dir': './train_results/train_dm300_total/',
 'save_preds': False,
 'save_smiles_splits': False,
 'seed': 0,
 'separate_test_atom_descriptors_path': None,
 'separate_test_bond_features_path': None,
 'separate_test_features_path': None,
 'separate_test_path': None,
 'separate_val_atom_descriptors_path': None,
 'separate_val_bond_features_path': None,
 'separate_val_features_path': None,
 'separate_val_path': None,
 'show_individual_scores': False,
 'smiles_columns': ['full_smiles'],
 'split_sizes': (0.8, 0.1, 0.1),
 'split_type': 'random',
 'target_columns': ['dm300'],
 'task_names': ['dm300'],
 'test': False,
 'test_fold_index': None,
 'train_data_size': None,
 'undirected': False,
 'use_input_features': False,
 'val_fold_index': None,
 'warmup_epochs': 2.0}
Loading data
Number of tasks = 1
Fold 0
Splitting data with seed 0
Total size = 1,170 | train size = 936 | val size = 117 | test size = 117
Fitting scaler
Building model 0
MoleculeModel(
  (encoder): MPN(
    (encoder): ModuleList(
      (0): MPNEncoder(
        (dropout_layer): Dropout(p=0.0, inplace=False)
        (act_func): ReLU()
        (W_i): Linear(in_features=147, out_features=300, bias=False)
        (W_h): Linear(in_features=300, out_features=300, bias=False)
        (W_o): Linear(in_features=433, out_features=300, bias=True)
      )
    )
  )
  (ffn): Sequential(
    (0): Dropout(p=0.0, inplace=False)
    (1): Linear(in_features=300, out_features=300, bias=True)
    (2): ReLU()
    (3): Dropout(p=0.0, inplace=False)
    (4): Linear(in_features=300, out_features=1, bias=True)
  )
)
Number of parameters = 354,901
Epoch 0
Loss = 9.5445e-01, PNorm = 34.0143, GNorm = 6.1226, lr_0 = 3.7500e-04
Validation rmse = 0.335007
Epoch 1
Loss = 1.0399e+00, PNorm = 34.0300, GNorm = 6.0447, lr_0 = 6.5000e-04
Loss = 7.1397e-01, PNorm = 34.0684, GNorm = 4.0514, lr_0 = 9.0000e-04
Validation rmse = 0.300844
Epoch 2
Loss = 5.9653e-01, PNorm = 34.1425, GNorm = 5.9317, lr_0 = 9.7296e-04
Loss = 4.8200e-01, PNorm = 34.2129, GNorm = 1.9755, lr_0 = 9.2951e-04
Validation rmse = 0.280866
Epoch 3
Loss = 4.3423e-01, PNorm = 34.2818, GNorm = 1.3199, lr_0 = 8.8800e-04
Loss = 4.1530e-01, PNorm = 34.3400, GNorm = 2.3712, lr_0 = 8.4834e-04
Validation rmse = 0.263377
Epoch 4
Loss = 5.0291e-01, PNorm = 34.4057, GNorm = 5.2568, lr_0 = 8.0676e-04
Loss = 3.2080e-01, PNorm = 34.4562, GNorm = 2.3679, lr_0 = 7.7073e-04
Validation rmse = 0.252674
Epoch 5
Loss = 2.6662e-01, PNorm = 34.4953, GNorm = 1.9549, lr_0 = 7.3631e-04
Loss = 3.1038e-01, PNorm = 34.5370, GNorm = 2.6638, lr_0 = 7.0343e-04
Validation rmse = 0.249285
Epoch 6
Loss = 2.7882e-01, PNorm = 34.5738, GNorm = 4.7489, lr_0 = 6.7202e-04
Loss = 2.9236e-01, PNorm = 34.6037, GNorm = 4.3272, lr_0 = 6.4201e-04
Validation rmse = 0.244366
Epoch 7
Loss = 2.8999e-01, PNorm = 34.6394, GNorm = 1.1020, lr_0 = 6.1334e-04
Validation rmse = 0.249837
Epoch 8
Loss = 1.6763e-01, PNorm = 34.6733, GNorm = 2.2636, lr_0 = 5.8327e-04
Loss = 2.3864e-01, PNorm = 34.6979, GNorm = 1.4238, lr_0 = 5.5723e-04
Validation rmse = 0.220868
Epoch 9
Loss = 1.8746e-01, PNorm = 34.7183, GNorm = 1.1440, lr_0 = 5.3234e-04
Loss = 2.2328e-01, PNorm = 34.7402, GNorm = 1.2134, lr_0 = 5.0857e-04
Validation rmse = 0.229236
Epoch 10
Loss = 2.5656e-01, PNorm = 34.7567, GNorm = 1.6294, lr_0 = 4.8586e-04
Loss = 2.0060e-01, PNorm = 34.7709, GNorm = 2.8423, lr_0 = 4.6416e-04
Validation rmse = 0.222244
Epoch 11
Loss = 1.7814e-01, PNorm = 34.7917, GNorm = 1.2546, lr_0 = 4.4141e-04
Loss = 2.1608e-01, PNorm = 34.8117, GNorm = 4.8629, lr_0 = 4.2170e-04
Validation rmse = 0.230052
Epoch 12
Loss = 2.0618e-01, PNorm = 34.8268, GNorm = 3.2012, lr_0 = 4.0286e-04
Loss = 2.1655e-01, PNorm = 34.8401, GNorm = 3.1134, lr_0 = 3.8487e-04
Validation rmse = 0.234509
Epoch 13
Loss = 2.0573e-01, PNorm = 34.8538, GNorm = 3.4650, lr_0 = 3.6769e-04
Loss = 1.8770e-01, PNorm = 34.8649, GNorm = 0.8355, lr_0 = 3.5127e-04
Validation rmse = 0.223488
Epoch 14
Loss = 1.7974e-01, PNorm = 34.8780, GNorm = 0.9145, lr_0 = 3.3558e-04
Loss = 1.9676e-01, PNorm = 34.8904, GNorm = 2.1258, lr_0 = 3.2059e-04
Loss = 7.8200e-02, PNorm = 34.8909, GNorm = 0.6371, lr_0 = 3.1913e-04
Validation rmse = 0.220031
Epoch 15
Loss = 1.7456e-01, PNorm = 34.8991, GNorm = 1.0404, lr_0 = 3.0488e-04
Validation rmse = 0.226937
Epoch 16
Loss = 2.6046e-01, PNorm = 34.9085, GNorm = 4.0301, lr_0 = 2.9126e-04
Loss = 1.5904e-01, PNorm = 34.9162, GNorm = 1.5010, lr_0 = 2.7826e-04
Validation rmse = 0.219228
Epoch 17
Loss = 1.8218e-01, PNorm = 34.9250, GNorm = 1.9000, lr_0 = 2.6583e-04
Loss = 1.7256e-01, PNorm = 34.9335, GNorm = 1.3394, lr_0 = 2.5396e-04
Validation rmse = 0.224149
Epoch 18
Loss = 1.7261e-01, PNorm = 34.9422, GNorm = 1.0758, lr_0 = 2.4151e-04
Loss = 1.8536e-01, PNorm = 34.9493, GNorm = 2.7641, lr_0 = 2.3073e-04
Validation rmse = 0.219586
Epoch 19
Loss = 1.8472e-01, PNorm = 34.9580, GNorm = 1.5434, lr_0 = 2.2042e-04
Loss = 1.6442e-01, PNorm = 34.9643, GNorm = 0.6901, lr_0 = 2.1058e-04
Validation rmse = 0.216773
Epoch 20
Loss = 1.5423e-01, PNorm = 34.9715, GNorm = 1.3336, lr_0 = 2.0117e-04
Loss = 1.7223e-01, PNorm = 34.9781, GNorm = 3.4447, lr_0 = 1.9219e-04
Validation rmse = 0.220269
Epoch 21
Loss = 1.5856e-01, PNorm = 34.9828, GNorm = 0.8489, lr_0 = 1.8361e-04
Loss = 1.7127e-01, PNorm = 34.9885, GNorm = 1.2527, lr_0 = 1.7541e-04
Validation rmse = 0.224684
Epoch 22
Loss = 1.8440e-01, PNorm = 34.9953, GNorm = 2.4996, lr_0 = 1.6681e-04
Loss = 1.6227e-01, PNorm = 35.0007, GNorm = 1.5015, lr_0 = 1.5936e-04
Validation rmse = 0.220998
Epoch 23
Loss = 1.6636e-01, PNorm = 35.0049, GNorm = 1.2624, lr_0 = 1.5224e-04
Validation rmse = 0.221897
Epoch 24
Loss = 2.3480e-01, PNorm = 35.0100, GNorm = 3.3049, lr_0 = 1.4544e-04
Loss = 1.6105e-01, PNorm = 35.0148, GNorm = 0.7597, lr_0 = 1.3895e-04
Validation rmse = 0.215807
Epoch 25
Loss = 1.5053e-01, PNorm = 35.0187, GNorm = 2.5056, lr_0 = 1.3274e-04
Loss = 1.5445e-01, PNorm = 35.0238, GNorm = 1.5214, lr_0 = 1.2682e-04
Validation rmse = 0.216560
Epoch 26
Loss = 1.5856e-01, PNorm = 35.0277, GNorm = 2.6517, lr_0 = 1.2060e-04
Loss = 1.7117e-01, PNorm = 35.0316, GNorm = 1.4549, lr_0 = 1.1521e-04
Validation rmse = 0.218418
Epoch 27
Loss = 1.5207e-01, PNorm = 35.0355, GNorm = 4.8294, lr_0 = 1.1007e-04
Loss = 1.5726e-01, PNorm = 35.0379, GNorm = 1.3616, lr_0 = 1.0515e-04
Validation rmse = 0.219065
Epoch 28
Loss = 1.5753e-01, PNorm = 35.0425, GNorm = 4.0680, lr_0 = 1.0046e-04
Loss = 1.5805e-01, PNorm = 35.0460, GNorm = 1.4330, lr_0 = 1.0000e-04
Validation rmse = 0.219594
Epoch 29
Loss = 1.4958e-01, PNorm = 35.0480, GNorm = 1.6999, lr_0 = 1.0000e-04
Loss = 1.5080e-01, PNorm = 35.0511, GNorm = 2.4081, lr_0 = 1.0000e-04
Validation rmse = 0.217246
Model 0 best validation rmse = 0.215807 on epoch 24
Loading pretrained parameter "encoder.encoder.0.cached_zero_vector".
Loading pretrained parameter "encoder.encoder.0.W_i.weight".
Loading pretrained parameter "encoder.encoder.0.W_h.weight".
Loading pretrained parameter "encoder.encoder.0.W_o.weight".
Loading pretrained parameter "encoder.encoder.0.W_o.bias".
Loading pretrained parameter "ffn.1.weight".
Loading pretrained parameter "ffn.1.bias".
Loading pretrained parameter "ffn.4.weight".
Loading pretrained parameter "ffn.4.bias".
Model 0 test rmse = 0.159045
Ensemble test rmse = 0.159045
1-fold cross validation
	Seed 0 ==> test rmse = 0.159045
Overall test rmse = 0.159045 +/- 0.000000
Elapsed time = 0:00:19
